<?xml version="1.0" encoding="UTF-8"?>
<!-- Generated by org.testng.reporters.JUnitXMLReporter -->
<testsuite ignored="0" hostname="DESKTOP-E9FHF7I" failures="0" tests="13" name="Test" time="11.178" errors="0" timestamp="2024-01-12T20:30:37 IST">
  <testcase classname="tests.POMtest" name="doLogin" time="0.603"/>
  <testcase classname="tests.POMtest" name="doLogin" time="0.529"/>
  <testcase classname="tests.POMtest" name="doLogin" time="0.527"/>
  <testcase classname="tests.POMtest" name="doLogin" time="0.495"/>
  <testcase classname="tests.POMtest" name="doLogin" time="0.601"/>
  <testcase classname="tests.POMtest" name="doLogin" time="0.533"/>
  <testcase classname="tests.POMtest" name="doLogin" time="1.522"/>
  <testcase classname="tests.POMtest" name="doRegister" time="1.107"/>
  <testcase classname="tests.POMtest" name="doRegister" time="0.907"/>
  <testcase classname="tests.POMtest" name="doRegister" time="0.919"/>
  <testcase classname="tests.POMtest" name="doRegister" time="0.927"/>
  <testcase classname="tests.POMtest" name="doRegister" time="0.907"/>
  <testcase classname="tests.POMtest" name="doRegister" time="1.04"/>
</testsuite> <!-- Test -->
